<?xml version="1.0" encoding="UTF-8" ?>
<testsuite tests="30" failures="0" name="org.jsoup.integration.ConnectTest" time="2.079" errors="0" skipped="5">
  <properties>
[...]
</properties>
  <testcase classname="org.jsoup.integration.ConnectTest" name="multipleParsesOkAfterBufferUp" time="0.067"/>
  <testcase classname="org.jsoup.integration.ConnectTest" name="multiCookieSet" time="0.607"/>
  <testcase classname="org.jsoup.integration.ConnectTest" name="canInterruptBodyStringRead" time="0.609">
    <skipped/>
  </testcase>
  <testcase classname="org.jsoup.integration.ConnectTest" name="bodyAndBytesAvailableBeforeParse" time="0.008"/>
  <testcase classname="org.jsoup.integration.ConnectTest" name="parseParseThrowsValidates" time="0.01"/>
  <testcase classname="org.jsoup.integration.ConnectTest" name="totalTimeout" time="0.01">
    <skipped/>
  </testcase>
  <testcase classname="org.jsoup.integration.ConnectTest" name="fetchURIWithWihtespace" time="0.009"/>
  <testcase classname="org.jsoup.integration.ConnectTest" name="handlesEmptyStreamDuringParseRead" time="0.112"/>
  <testcase classname="org.jsoup.integration.ConnectTest" name="infiniteReadSupported" time="0.112">
    <skipped/>
  </testcase>
  <testcase classname="org.jsoup.integration.ConnectTest" name="doesPostMultipartWithoutInputstream" time="0.04"/>
  <testcase classname="org.jsoup.integration.ConnectTest" name="sendsRequestBodyWithUrlParams" time="0.013"/>
  <testcase classname="org.jsoup.integration.ConnectTest" name="fetchURl" time="0.004"/>
  <testcase classname="org.jsoup.integration.ConnectTest" name="sendsRequestBody" time="0.003"/>
  <testcase classname="org.jsoup.integration.ConnectTest" name="bodyAfterParseThrowsValidationError" time="0.003"/>
  <testcase classname="org.jsoup.integration.ConnectTest" name="handlesRedirect" time="0.009"/>
  <testcase classname="org.jsoup.integration.ConnectTest" name="doesPost" time="0.002"/>
  <testcase classname="org.jsoup.integration.ConnectTest" name="supportsDeflate" time="0.003"/>
  <testcase classname="org.jsoup.integration.ConnectTest" name="canInterruptDocumentRead" time="0.003">
    <skipped/>
  </testcase>
  <testcase classname="org.jsoup.integration.ConnectTest" name="sendsRequestBodyJsonWithoutData" time="0.001"/>
  <testcase classname="org.jsoup.integration.ConnectTest" name="sendsRequestBodyJsonWithData" time="0.002"/>
  <testcase classname="org.jsoup.integration.ConnectTest" name="doesPostFor307" time="0.002"/>
  <testcase classname="org.jsoup.integration.ConnectTest" name="handlesEmptyRedirect" time="0.026"/>
  <testcase classname="org.jsoup.integration.ConnectTest" name="canConnectToLocalServer" time="0.002"/>
  <testcase classname="org.jsoup.integration.ConnectTest" name="doesGet" time="0.001"/>
  <testcase classname="org.jsoup.integration.ConnectTest" name="doesPut" time="0.001"/>
  <testcase classname="org.jsoup.integration.ConnectTest" name="exceptOnUnsupportedProtocol" time="0"/>
  <testcase classname="org.jsoup.integration.ConnectTest" name="doesNotPostFor302" time="0.003"/>
  <testcase classname="org.jsoup.integration.ConnectTest" name="postFiles" time="0.009"/>
  <testcase classname="org.jsoup.integration.ConnectTest" name="handlesEmtpyStreamDuringBufferdRead" time="0.204"/>
  <testcase classname="org.jsoup.integration.ConnectTest" name="slowReadOk" time="0.204">
    <skipped/>
  </testcase>
</testsuite>