<?xml version="1.0" encoding="UTF-8" ?>
<testsuite tests="131" failures="0" name="org.jsoup.parser.HtmlParserTest" time="0.198" errors="0" skipped="1">
  <properties>
[...]
</properties>
  <testcase classname="org.jsoup.parser.HtmlParserTest" name="preservedCaseLinksCantNest" time="0"/>
  <testcase classname="org.jsoup.parser.HtmlParserTest" name="normalisesHeadlessBody" time="0"/>
  <testcase classname="org.jsoup.parser.HtmlParserTest" name="parsesUnterminatedOption" time="0"/>
  <testcase classname="org.jsoup.parser.HtmlParserTest" name="handlesProtocolRelativeUrl" time="0"/>
  <testcase classname="org.jsoup.parser.HtmlParserTest" name="dropsUnterminatedTag" time="0"/>
  <testcase classname="org.jsoup.parser.HtmlParserTest" name="canPreserveAttributeCase" time="0"/>
  <testcase classname="org.jsoup.parser.HtmlParserTest" name="handlesNullInComments" time="0"/>
  <testcase classname="org.jsoup.parser.HtmlParserTest" name="handlesTextAfterData" time="0"/>
  <testcase classname="org.jsoup.parser.HtmlParserTest" name="dropsUnterminatedAttribute" time="0"/>
  <testcase classname="org.jsoup.parser.HtmlParserTest" name="testNormalisesIsIndex" time="0"/>
  <testcase classname="org.jsoup.parser.HtmlParserTest" name="noTableDirectInTable" time="0"/>
  <testcase classname="org.jsoup.parser.HtmlParserTest" name="testSupportsPartiallyNonAsciiTags" time="0"/>
  <testcase classname="org.jsoup.parser.HtmlParserTest" name="testSpaceAfterTag" time="0"/>
  <testcase classname="org.jsoup.parser.HtmlParserTest" name="handlesXmlDeclarationAsBogusComment" time="0"/>
  <testcase classname="org.jsoup.parser.HtmlParserTest" name="normalisesDocument" time="0"/>
  <testcase classname="org.jsoup.parser.HtmlParserTest" name="createsStructureFromBodySnippet" time="0"/>
  <testcase classname="org.jsoup.parser.HtmlParserTest" name="canPreserveTagCase" time="0"/>
  <testcase classname="org.jsoup.parser.HtmlParserTest" name="preservesSpaceInScript" time="0"/>
  <testcase classname="org.jsoup.parser.HtmlParserTest" name="handlesXmlDeclAndCommentsBeforeDoctype" time="0"/>
  <testcase classname="org.jsoup.parser.HtmlParserTest" name="testHtmlLowerCase" time="0"/>
  <testcase classname="org.jsoup.parser.HtmlParserTest" name="handlesDeepStack" time="0.147"/>
  <testcase classname="org.jsoup.parser.HtmlParserTest" name="parsesSimpleDocument" time="0"/>
  <testcase classname="org.jsoup.parser.HtmlParserTest" name="doesNotCreateImplicitLists" time="0.001"/>
  <testcase classname="org.jsoup.parser.HtmlParserTest" name="parsesUnterminatedTextarea" time="0"/>
  <testcase classname="org.jsoup.parser.HtmlParserTest" name="testSupportsNonAsciiTags" time="0"/>
  <testcase classname="org.jsoup.parser.HtmlParserTest" name="handlesWhatWgExpensesTableExample" time="0.001"/>
  <testcase classname="org.jsoup.parser.HtmlParserTest" name="handlesImplicitCaptionClose" time="0"/>
  <testcase classname="org.jsoup.parser.HtmlParserTest" name="handlesQuotesInCommentsInScripts" time="0"/>
  <testcase classname="org.jsoup.parser.HtmlParserTest" name="handlesInputInTable" time="0"/>
  <testcase classname="org.jsoup.parser.HtmlParserTest" name="handlesInvalidStartTags" time="0"/>
  <testcase classname="org.jsoup.parser.HtmlParserTest" name="handlesEscapedData" time="0"/>
  <testcase classname="org.jsoup.parser.HtmlParserTest" name="fallbackToUtfIfCantEncode" time="0.004"/>
  <testcase classname="org.jsoup.parser.HtmlParserTest" name="reconstructFormattingElements" time="0"/>
  <testcase classname="org.jsoup.parser.HtmlParserTest" name="createsDocumentStructure" time="0"/>
  <testcase classname="org.jsoup.parser.HtmlParserTest" name="handlesCdataInScript" time="0"/>
  <testcase classname="org.jsoup.parser.HtmlParserTest" name="handlesUnclosedTitle" time="0"/>
  <testcase classname="org.jsoup.parser.HtmlParserTest" name="caseInsensitiveParseTree" time="0"/>
  <testcase classname="org.jsoup.parser.HtmlParserTest" name="handleNullContextInParseFragment" time="0"/>
  <testcase classname="org.jsoup.parser.HtmlParserTest" name="parsesUnterminatedComments" time="0"/>
  <testcase classname="org.jsoup.parser.HtmlParserTest" name="emptyTdTag" time="0"/>
  <testcase classname="org.jsoup.parser.HtmlParserTest" name="caseSensitiveParseTree" time="0"/>
  <testcase classname="org.jsoup.parser.HtmlParserTest" name="testFragment" time="0"/>
  <testcase classname="org.jsoup.parser.HtmlParserTest" name="handlesUnclosedScriptAtEof" time="0.001"/>
  <testcase classname="org.jsoup.parser.HtmlParserTest" name="handlesNewlinesAndWhitespaceInTag" time="0"/>
  <testcase classname="org.jsoup.parser.HtmlParserTest" name="handlesDataOnlyTags" time="0"/>
  <testcase classname="org.jsoup.parser.HtmlParserTest" name="handlesMisnestedAInDivs" time="0">
    <skipped/>
  </testcase>
  <testcase classname="org.jsoup.parser.HtmlParserTest" name="normalizesDiscordantTags" time="0"/>
  <testcase classname="org.jsoup.parser.HtmlParserTest" name="handlesCdataAcrossBuffer" time="0.001"/>
  <testcase classname="org.jsoup.parser.HtmlParserTest" name="noImplicitFormForTextAreas" time="0"/>
  <testcase classname="org.jsoup.parser.HtmlParserTest" name="commentBeforeHtml" time="0"/>
  <testcase classname="org.jsoup.parser.HtmlParserTest" name="handlesUnclosedCdataAtEOF" time="0.001"/>
  <testcase classname="org.jsoup.parser.HtmlParserTest" name="handlesCdata" time="0"/>
  <testcase classname="org.jsoup.parser.HtmlParserTest" name="handlesKnownEmptyBlocks" time="0"/>
  <testcase classname="org.jsoup.parser.HtmlParserTest" name="createsFormElements" time="0"/>
  <testcase classname="org.jsoup.parser.HtmlParserTest" name="noErrorsByDefault" time="0"/>
  <testcase classname="org.jsoup.parser.HtmlParserTest" name="testHeaderContents" time="0.001"/>
  <testcase classname="org.jsoup.parser.HtmlParserTest" name="testRelaxedTags" time="0"/>
  <testcase classname="org.jsoup.parser.HtmlParserTest" name="handlesKnownEmptyStyle" time="0"/>
  <testcase classname="org.jsoup.parser.HtmlParserTest" name="handlesKnownEmptyTitle" time="0"/>
  <testcase classname="org.jsoup.parser.HtmlParserTest" name="preservesSpaceInTextArea" time="0"/>
  <testcase classname="org.jsoup.parser.HtmlParserTest" name="handlesUnexpectedMarkupInTables" time="0"/>
  <testcase classname="org.jsoup.parser.HtmlParserTest" name="handlesKnownEmptyIframe" time="0"/>
  <testcase classname="org.jsoup.parser.HtmlParserTest" name="characterReaderBuffer" time="0.001"/>
  <testcase classname="org.jsoup.parser.HtmlParserTest" name="testTemplateInsideTable" time="0.001"/>
  <testcase classname="org.jsoup.parser.HtmlParserTest" name="cdataNodesAreTextNodes" time="0.001"/>
  <testcase classname="org.jsoup.parser.HtmlParserTest" name="ignoresContentAfterFrameset" time="0"/>
  <testcase classname="org.jsoup.parser.HtmlParserTest" name="handlesBaseTags" time="0"/>
  <testcase classname="org.jsoup.parser.HtmlParserTest" name="testSpanContents" time="0"/>
  <testcase classname="org.jsoup.parser.HtmlParserTest" name="handles0CharacterAsText" time="0"/>
  <testcase classname="org.jsoup.parser.HtmlParserTest" name="handlesFrames" time="0.001"/>
  <testcase classname="org.jsoup.parser.HtmlParserTest" name="handlesJavadocFont" time="0"/>
  <testcase classname="org.jsoup.parser.HtmlParserTest" name="testReinsertionModeForThCelss" time="0"/>
  <testcase classname="org.jsoup.parser.HtmlParserTest" name="handlesControlCodeInAttributeName" time="0"/>
  <testcase classname="org.jsoup.parser.HtmlParserTest" name="handlesInvalidDoctypes" time="0"/>
  <testcase classname="org.jsoup.parser.HtmlParserTest" name="handlesTagsInTextarea" time="0.001"/>
  <testcase classname="org.jsoup.parser.HtmlParserTest" name="handlesCommentsInTable" time="0"/>
  <testcase classname="org.jsoup.parser.HtmlParserTest" name="handlesEscapedScript" time="0"/>
  <testcase classname="org.jsoup.parser.HtmlParserTest" name="testInvalidTableContents" time="0.001"/>
  <testcase classname="org.jsoup.parser.HtmlParserTest" name="handlesUnknownTags" time="0"/>
  <testcase classname="org.jsoup.parser.HtmlParserTest" name="ignoresDupeEndTrTag" time="0.001"/>
  <testcase classname="org.jsoup.parser.HtmlParserTest" name="associatedFormControlsWithDisjointForms" time="0"/>
  <testcase classname="org.jsoup.parser.HtmlParserTest" name="handlesTbodyTable" time="0"/>
  <testcase classname="org.jsoup.parser.HtmlParserTest" name="normalisedBodyAfterContent" time="0"/>
  <testcase classname="org.jsoup.parser.HtmlParserTest" name="handlesSpanInTbody" time="0"/>
  <testcase classname="org.jsoup.parser.HtmlParserTest" name="handlesUnclosedTitleAtEof" time="0.001"/>
  <testcase classname="org.jsoup.parser.HtmlParserTest" name="handlesSolidusAtAttributeEnd" time="0"/>
  <testcase classname="org.jsoup.parser.HtmlParserTest" name="handlesUnknownNamespaceTags" time="0"/>
  <testcase classname="org.jsoup.parser.HtmlParserTest" name="handlesKnownEmptyNoFrames" time="0"/>
  <testcase classname="org.jsoup.parser.HtmlParserTest" name="roundTripsCdata" time="0"/>
  <testcase classname="org.jsoup.parser.HtmlParserTest" name="handlesManyChildren" time="0.021"/>
  <testcase classname="org.jsoup.parser.HtmlParserTest" name="handlesTextArea" time="0"/>
  <testcase classname="org.jsoup.parser.HtmlParserTest" name="convertsImageToImg" time="0"/>
  <testcase classname="org.jsoup.parser.HtmlParserTest" name="preSkipsFirstNewline" time="0"/>
  <testcase classname="org.jsoup.parser.HtmlParserTest" name="commentAtEnd" time="0"/>
  <testcase classname="org.jsoup.parser.HtmlParserTest" name="selfClosingOnNonvoidIsError" time="0.006"/>
  <testcase classname="org.jsoup.parser.HtmlParserTest" name="handlesNestedImplicitTable" time="0"/>
  <testcase classname="org.jsoup.parser.HtmlParserTest" name="parsesRoughAttributes" time="0"/>
  <testcase classname="org.jsoup.parser.HtmlParserTest" name="testUsingSingleQuotesInQueries" time="0"/>
  <testcase classname="org.jsoup.parser.HtmlParserTest" name="handlesUnclosedDefinitionLists" time="0"/>
  <testcase classname="org.jsoup.parser.HtmlParserTest" name="handlesWhitespaceInoDocType" time="0"/>
  <testcase classname="org.jsoup.parser.HtmlParserTest" name="reconstructFormattingElementsInTable" time="0"/>
  <testcase classname="org.jsoup.parser.HtmlParserTest" name="selfClosingVoidIsNotAnError" time="0.002"/>
  <testcase classname="org.jsoup.parser.HtmlParserTest" name="testNoImagesInNoScriptInHead" time="0"/>
  <testcase classname="org.jsoup.parser.HtmlParserTest" name="handlesBaseWithoutHref" time="0"/>
  <testcase classname="org.jsoup.parser.HtmlParserTest" name="handlesUnclosedRawtextAtEof" time="0"/>
  <testcase classname="org.jsoup.parser.HtmlParserTest" name="tracksLimitedErrorsWhenRequested" time="0"/>
  <testcase classname="org.jsoup.parser.HtmlParserTest" name="doesNotFindShortestMatchingEntity" time="0.001"/>
  <testcase classname="org.jsoup.parser.HtmlParserTest" name="tracksErrorsWhenRequested" time="0"/>
  <testcase classname="org.jsoup.parser.HtmlParserTest" name="handlesUnclosedAnchors" time="0"/>
  <testcase classname="org.jsoup.parser.HtmlParserTest" name="parsesBodyFragment" time="0"/>
  <testcase classname="org.jsoup.parser.HtmlParserTest" name="handlesUnknownInlineTags" time="0.001"/>
  <testcase classname="org.jsoup.parser.HtmlParserTest" name="testSelectWithOption" time="0"/>
  <testcase classname="org.jsoup.parser.HtmlParserTest" name="normalisesEmptyDocument" time="0"/>
  <testcase classname="org.jsoup.parser.HtmlParserTest" name="relaxedBaseEntityMatchAndStrictExtendedMatch" time="0"/>
  <testcase classname="org.jsoup.parser.HtmlParserTest" name="handlesUnclosedFormattingElements" time="0"/>
  <testcase classname="org.jsoup.parser.HtmlParserTest" name="handlesSolidusInA" time="0"/>
  <testcase classname="org.jsoup.parser.HtmlParserTest" name="testHgroup" time="0"/>
  <testcase classname="org.jsoup.parser.HtmlParserTest" name="discardsNakedTds" time="0.001"/>
  <testcase classname="org.jsoup.parser.HtmlParserTest" name="parsesComments" time="0"/>
  <testcase classname="org.jsoup.parser.HtmlParserTest" name="testFontFlowContents" time="0"/>
  <testcase classname="org.jsoup.parser.HtmlParserTest" name="handlesMisnestedTagsBI" time="0"/>
  <testcase classname="org.jsoup.parser.HtmlParserTest" name="handlesMisnestedTagsBP" time="0"/>
  <testcase classname="org.jsoup.parser.HtmlParserTest" name="canPreserveBothCase" time="0"/>
  <testcase classname="org.jsoup.parser.HtmlParserTest" name="testHandlesDeepSpans" time="0"/>
  <testcase classname="org.jsoup.parser.HtmlParserTest" name="handleCDataInText" time="0"/>
  <testcase classname="org.jsoup.parser.HtmlParserTest" name="findsCharsetInMalformedMeta" time="0"/>
  <testcase classname="org.jsoup.parser.HtmlParserTest" name="handlesMultiClosingBody" time="0"/>
  <testcase classname="org.jsoup.parser.HtmlParserTest" name="handlesBlocksInDefinitions" time="0.001"/>
  <testcase classname="org.jsoup.parser.HtmlParserTest" name="testAFlowContents" time="0"/>
  <testcase classname="org.jsoup.parser.HtmlParserTest" name="handlesNullInData" time="0"/>
  <testcase classname="org.jsoup.parser.HtmlParserTest" name="parsesQuiteRoughAttributes" time="0"/>
</testsuite>