<?xml version="1.0" encoding="UTF-8" ?>
<testsuite tests="23" failures="0" name="org.jsoup.parser.CharacterReaderTest" time="0" errors="0" skipped="0">
  <properties>
[...]
</properties>
  <testcase classname="org.jsoup.parser.CharacterReaderTest" name="nextIndexOfUnmatched" time="0"/>
  <testcase classname="org.jsoup.parser.CharacterReaderTest" name="unconsume" time="0"/>
  <testcase classname="org.jsoup.parser.CharacterReaderTest" name="bufferUp" time="0"/>
  <testcase classname="org.jsoup.parser.CharacterReaderTest" name="nextIndexOfChar" time="0"/>
  <testcase classname="org.jsoup.parser.CharacterReaderTest" name="notEmptyAtBufferSplitPoint" time="0"/>
  <testcase classname="org.jsoup.parser.CharacterReaderTest" name="rangeEquals" time="0"/>
  <testcase classname="org.jsoup.parser.CharacterReaderTest" name="consumeToChar" time="0"/>
  <testcase classname="org.jsoup.parser.CharacterReaderTest" name="advance" time="0"/>
  <testcase classname="org.jsoup.parser.CharacterReaderTest" name="consumeToString" time="0"/>
  <testcase classname="org.jsoup.parser.CharacterReaderTest" name="consumeToAny" time="0"/>
  <testcase classname="org.jsoup.parser.CharacterReaderTest" name="consumeToEnd" time="0"/>
  <testcase classname="org.jsoup.parser.CharacterReaderTest" name="consumeToNonexistentEndWhenAtAnd" time="0"/>
  <testcase classname="org.jsoup.parser.CharacterReaderTest" name="containsIgnoreCase" time="0"/>
  <testcase classname="org.jsoup.parser.CharacterReaderTest" name="mark" time="0"/>
  <testcase classname="org.jsoup.parser.CharacterReaderTest" name="empty" time="0"/>
  <testcase classname="org.jsoup.parser.CharacterReaderTest" name="cachesStrings" time="0"/>
  <testcase classname="org.jsoup.parser.CharacterReaderTest" name="consumeLetterThenDigitSequence" time="0"/>
  <testcase classname="org.jsoup.parser.CharacterReaderTest" name="consumeLetterSequence" time="0"/>
  <testcase classname="org.jsoup.parser.CharacterReaderTest" name="nextIndexOfString" time="0"/>
  <testcase classname="org.jsoup.parser.CharacterReaderTest" name="matches" time="0"/>
  <testcase classname="org.jsoup.parser.CharacterReaderTest" name="consume" time="0"/>
  <testcase classname="org.jsoup.parser.CharacterReaderTest" name="matchesIgnoreCase" time="0"/>
  <testcase classname="org.jsoup.parser.CharacterReaderTest" name="matchesAny" time="0"/>
</testsuite>